\BOOKMARK [1][-]{section.1}{\376\377\000T\000u\000e\000s\000d\000a\000y\000,\000\040\000A\000u\000g\000u\000s\000t\000\040\0002\0009\000,\000\040\0002\0000\0002\0003}{}% 1
\BOOKMARK [2][-]{section*.1}{\376\377\000D\000I\000S\000C\000L\000A\000I\000M\000E\000R}{section.1}% 2
\BOOKMARK [2][-]{section*.1}{\376\377\000S\000t\000a\000t\000e\000m\000e\000n\000t\000s\000\040\000a\000n\000d\000\040\000L\000o\000g\000i\000c}{section.1}% 3
\BOOKMARK [2][-]{example.1.2}{\376\377\000L\000o\000g\000i\000c\000a\000l\000\040\000N\000e\000g\000a\000t\000i\000o\000n\000,\000\040\000D\000i\000s\000j\000u\000n\000c\000t\000i\000o\000n\000,\000\040\000C\000o\000n\000j\000u\000n\000c\000t\000i\000o\000n\000,\000\040\000X\000O\000R\000,\000\040\000a\000n\000d\000\040\000P\000r\000e\000c\000e\000d\000e\000n\000c\000e}{section.1}% 4
\BOOKMARK [3][-]{section*.2}{\376\377\000N\000e\000g\000a\000t\000i\000o\000n\000\040\000\050\000N\000o\000t\000\051}{example.1.2}% 5
\BOOKMARK [3][-]{section*.2}{\376\377\000D\000i\000s\000j\000u\000n\000c\000t\000i\000o\000n\000\040\000\050\000O\000r\000\051}{example.1.2}% 6
\BOOKMARK [3][-]{section*.2}{\376\377\000C\000o\000n\000j\000u\000n\000c\000t\000i\000o\000n\000\040\000\050\000A\000n\000d\000\051}{example.1.2}% 7
\BOOKMARK [3][-]{section*.2}{\376\377\000X\000O\000R\000\040\000\050\000\051}{example.1.2}% 8
\BOOKMARK [3][-]{section*.2}{\376\377\000P\000r\000e\000c\000e\000d\000e\000n\000c\000e}{example.1.2}% 9
\BOOKMARK [3][-]{section*.2}{\376\377\000I\000n\000t\000e\000r\000p\000r\000e\000t\000a\000t\000i\000o\000n\000s\000\040\000a\000n\000d\000\040\000T\000r\000a\000n\000s\000l\000a\000t\000i\000n\000g\000\040\000S\000t\000a\000t\000e\000m\000e\000n\000t\000s}{example.1.2}% 10
\BOOKMARK [2][-]{example.1.4}{\376\377\000T\000r\000u\000t\000h\000\040\000T\000a\000b\000l\000e\000s}{section.1}% 11
\BOOKMARK [1][-]{section.2}{\376\377\000T\000h\000u\000r\000s\000d\000a\000y\000,\000\040\000A\000u\000g\000u\000s\000t\000\040\0003\0001\000,\000\040\0002\0000\0002\0003}{}% 12
\BOOKMARK [2][-]{section*.3}{\376\377\000L\000o\000g\000i\000c\000a\000l\000\040\000E\000q\000u\000i\000v\000a\000l\000e\000n\000c\000e}{section.2}% 13
\BOOKMARK [2][-]{example.2.1}{\376\377\000D\000e\000M\000o\000r\000g\000a\000n\000'\000s\000\040\000L\000a\000w\000s}{section.2}% 14
\BOOKMARK [2][-]{example.2.1}{\376\377\000T\000a\000u\000t\000o\000l\000o\000g\000i\000e\000s\000\040\000a\000n\000d\000\040\000C\000o\000n\000t\000r\000a\000d\000i\000c\000t\000i\000o\000n\000s}{section.2}% 15
\BOOKMARK [2][-]{example.2.3}{\376\377\000C\000o\000n\000d\000e\000n\000s\000i\000n\000g\000\040\000a\000n\000d\000\040\000P\000r\000o\000v\000i\000n\000g\000\040\000L\000o\000g\000i\000c\000a\000l\000\040\000E\000q\000u\000i\000v\000a\000l\000e\000n\000c\000i\000e\000s}{section.2}% 16
\BOOKMARK [2][-]{example.2.4}{\376\377\000C\000o\000n\000d\000i\000t\000i\000o\000n\000a\000l\000\040\000S\000t\000a\000t\000e\000m\000e\000n\000t\000s}{section.2}% 17
\BOOKMARK [1][-]{section.3}{\376\377\000T\000u\000e\000s\000d\000a\000y\000,\000\040\000S\000e\000p\000t\000e\000m\000b\000e\000r\000\040\0005\000,\000\040\0002\0000\0002\0003}{}% 18
\BOOKMARK [2][-]{section*.4}{\376\377\000M\000o\000r\000e\000\040\000o\000n\000\040\000C\000o\000n\000d\000i\000t\000i\000o\000n\000a\000l\000\040\000S\000t\000a\000t\000e\000m\000e\000n\000t\000s}{section.3}% 19
\BOOKMARK [3][-]{section*.4}{\376\377\000C\000o\000n\000v\000e\000r\000s\000e}{section.3}% 20
\BOOKMARK [3][-]{section*.4}{\376\377\000C\000o\000n\000t\000r\000a\000p\000o\000s\000i\000t\000i\000v\000e}{section.3}% 21
\BOOKMARK [3][-]{section*.4}{\376\377\000I\000n\000v\000e\000r\000s\000e}{section.3}% 22
\BOOKMARK [2][-]{section*.4}{\376\377\000B\000i\000c\000o\000n\000d\000i\000t\000i\000o\000n\000a\000l\000s}{section.3}% 23
\BOOKMARK [3][-]{section*.5}{\376\377\000N\000e\000c\000e\000s\000s\000a\000r\000y\000\040\000a\000n\000d\000\040\000S\000u\000f\000f\000i\000c\000i\000e\000n\000t\000\040\000C\000o\000n\000d\000i\000t\000i\000o\000n\000s}{section*.4}% 24
\BOOKMARK [2][-]{section*.5}{\376\377\000A\000r\000g\000u\000m\000e\000n\000t\000s\000\040\000a\000n\000d\000\040\000R\000u\000l\000e\000s\000\040\000o\000f\000\040\000I\000n\000f\000e\000r\000e\000n\000c\000e}{section.3}% 25
\BOOKMARK [1][-]{section.4}{\376\377\000T\000h\000u\000r\000s\000d\000a\000y\000,\000\040\000S\000e\000p\000t\000e\000m\000b\000e\000r\000\040\0007\000,\000\040\0002\0000\0002\0003}{}% 26
\BOOKMARK [2][-]{section*.6}{\376\377\000N\000u\000m\000b\000e\000r\000\040\000B\000a\000s\000e\000s}{section.4}% 27
\BOOKMARK [3][-]{section*.6}{\376\377\000D\000e\000c\000i\000m\000a\000l\000\040\000\050\000B\000a\000s\000e\000\040\0001\0000\000\051}{section.4}% 28
\BOOKMARK [3][-]{section*.6}{\376\377\000B\000i\000n\000a\000r\000y\000\040\000\050\000B\000a\000s\000e\000\040\0002\000\051}{section.4}% 29
\BOOKMARK [2][-]{section*.6}{\376\377\000C\000o\000n\000v\000e\000r\000t\000i\000n\000g\000\040\000f\000r\000o\000m\000\040\000B\000i\000n\000a\000r\000y\000\040\000t\000o\000\040\000D\000e\000c\000i\000m\000a\000l\000,\000\040\000a\000n\000d\000\040\000D\000e\000c\000i\000m\000a\000l\000\040\000t\000o\000\040\000B\000i\000n\000a\000r\000y}{section.4}% 30
\BOOKMARK [2][-]{section*.6}{\376\377\000D\000i\000g\000i\000t\000a\000l\000\040\000C\000i\000r\000c\000u\000i\000t\000s}{section.4}% 31
\BOOKMARK [1][-]{section.5}{\376\377\000T\000u\000e\000s\000d\000a\000y\000,\000\040\000S\000e\000p\000t\000e\000m\000b\000e\000r\000\040\0001\0002\000,\000\040\0002\0000\0002\0003}{}% 32
\BOOKMARK [2][-]{section*.7}{\376\377\000P\000r\000o\000p\000o\000s\000i\000t\000i\000o\000n\000a\000l\000\040\000L\000o\000g\000i\000c\000:\000\040\000A\000r\000e\000\040\000w\000e\000\040\000b\000e\000i\000n\000g\000\040\000l\000i\000m\000i\000t\000e\000d\000?}{section.5}% 33
\BOOKMARK [2][-]{section*.7}{\376\377\000P\000r\000e\000d\000i\000c\000a\000t\000e\000s}{section.5}% 34
\BOOKMARK [2][-]{example.5.2}{\376\377\000P\000r\000e\000d\000i\000c\000a\000t\000e\000s\000\040\000w\000i\000t\000h\000\040\000L\000o\000g\000i\000c\000a\000l\000\040\000C\000o\000n\000n\000e\000c\000t\000i\000v\000e\000s}{section.5}% 35
\BOOKMARK [2][-]{example.5.3}{\376\377\000Q\000u\000a\000n\000t\000i\000f\000i\000e\000r\000s}{section.5}% 36
\BOOKMARK [3][-]{section*.8}{\376\377\000T\000h\000e\000\040\000U\000n\000i\000v\000e\000r\000s\000a\000l\000\040\000Q\000u\000a\000n\000t\000i\000f\000i\000e\000r}{example.5.3}% 37
\BOOKMARK [3][-]{example.5.5}{\376\377\000T\000h\000e\000\040\000E\000x\000i\000s\000t\000e\000n\000t\000i\000a\000l\000\040\000Q\000u\000a\000n\000t\000i\000f\000i\000e\000r}{example.5.3}% 38
\BOOKMARK [2][-]{example.5.6}{\376\377\000N\000e\000g\000a\000t\000i\000o\000n\000s\000\040\000o\000f\000\040\000Q\000u\000a\000n\000t\000i\000f\000i\000e\000r\000s}{section.5}% 39
\BOOKMARK [2][-]{example.5.7}{\376\377\000A\000n\000\040\000I\000n\000t\000r\000o\000\040\000t\000o\000\040\000N\000e\000s\000t\000e\000d\000\040\000Q\000u\000a\000n\000t\000i\000f\000i\000e\000r\000s}{section.5}% 40
\BOOKMARK [1][-]{section.6}{\376\377\000T\000h\000u\000r\000s\000d\000a\000y\000,\000\040\000S\000e\000p\000t\000e\000m\000b\000e\000r\000\040\0001\0004\000,\000\040\0002\0000\0002\0003}{}% 41
\BOOKMARK [2][-]{section*.9}{\376\377\000M\000o\000r\000e\000\040\000o\000n\000\040\000P\000r\000e\000d\000i\000c\000a\000t\000e\000\040\000L\000o\000g\000i\000c\000:\000\040\000T\000r\000u\000t\000h\000\040\000a\000n\000d\000\040\000F\000a\000l\000s\000i\000t\000y}{section.6}% 42
\BOOKMARK [2][-]{example.6.1}{\376\377\000V\000a\000c\000u\000i\000t\000y\000\040\000i\000n\000\040\000U\000n\000i\000v\000e\000r\000s\000a\000l\000\040\000S\000t\000a\000t\000e\000m\000e\000n\000t\000s}{section.6}% 43
\BOOKMARK [2][-]{example.6.2}{\376\377\000O\000r\000d\000e\000r\000\040\000M\000a\000t\000t\000e\000r\000s}{section.6}% 44
\BOOKMARK [2][-]{example.6.3}{\376\377\000N\000e\000g\000a\000t\000i\000n\000g\000\040\000N\000e\000s\000t\000e\000d\000\040\000Q\000u\000a\000n\000t\000i\000f\000i\000e\000r\000s}{section.6}% 45
\BOOKMARK [1][-]{section.7}{\376\377\000T\000u\000e\000s\000d\000a\000y\000,\000\040\000S\000e\000p\000t\000e\000m\000b\000e\000r\000\040\0001\0009\000,\000\040\0002\0000\0002\0003}{}% 46
\BOOKMARK [2][-]{section*.10}{\376\377\000E\000x\000t\000e\000n\000d\000i\000n\000g\000\040\000o\000u\000r\000\040\000R\000u\000l\000e\000s\000\040\000o\000f\000\040\000I\000n\000f\000e\000r\000e\000n\000c\000e}{section.7}% 47
\BOOKMARK [3][-]{section*.10}{\376\377\000U\000n\000i\000v\000e\000r\000s\000a\000l\000\040\000I\000n\000s\000t\000a\000n\000t\000i\000a\000t\000i\000o\000n}{section.7}% 48
\BOOKMARK [3][-]{example.7.1}{\376\377\000U\000n\000i\000v\000e\000r\000s\000a\000l\000\040\000G\000e\000n\000e\000r\000a\000l\000i\000z\000a\000t\000i\000o\000n}{section.7}% 49
\BOOKMARK [3][-]{example.7.2}{\376\377\000E\000x\000i\000s\000t\000e\000n\000t\000i\000a\000l\000\040\000I\000n\000s\000t\000a\000n\000t\000i\000a\000t\000i\000o\000n}{section.7}% 50
\BOOKMARK [3][-]{example.7.2}{\376\377\000E\000x\000i\000s\000t\000e\000n\000t\000i\000a\000l\000\040\000G\000e\000n\000e\000r\000a\000l\000i\000z\000a\000t\000i\000o\000n}{section.7}% 51
\BOOKMARK [2][-]{example.7.2}{\376\377\000P\000r\000o\000o\000f\000s}{section.7}% 52
\BOOKMARK [2][-]{example.7.2}{\376\377\000S\000t\000a\000t\000e\000m\000e\000n\000t\000\040\000o\000f\000\040\000T\000h\000e\000o\000r\000e\000m\000s}{section.7}% 53
\BOOKMARK [2][-]{example.7.2}{\376\377\000D\000e\000f\000i\000n\000i\000t\000i\000o\000n\000\040\000o\000f\000\040\000N\000u\000m\000b\000e\000r\000s}{section.7}% 54
\BOOKMARK [3][-]{section*.11}{\376\377\000E\000x\000t\000r\000a\000\040\000C\000l\000o\000s\000u\000r\000e\000\040\000o\000f\000\040\000D\000e\000f\000i\000n\000i\000t\000i\000o\000n\000s}{example.7.2}% 55
\BOOKMARK [2][-]{section*.11}{\376\377\000D\000i\000r\000e\000c\000t\000\040\000P\000r\000o\000o\000f\000s}{section.7}% 56
\BOOKMARK [2][-]{example.7.5}{\376\377\000P\000r\000o\000o\000f\000\040\000b\000y\000\040\000C\000o\000n\000t\000r\000a\000p\000o\000s\000i\000t\000i\000v\000e}{section.7}% 57
\BOOKMARK [1][-]{section.8}{\376\377\000T\000h\000u\000r\000s\000d\000a\000y\000,\000\040\000S\000e\000p\000t\000e\000m\000b\000e\000r\000\040\0002\0001\000,\000\040\0002\0000\0002\0003}{}% 58
\BOOKMARK [2][-]{section*.12}{\376\377\000P\000r\000o\000o\000f\000\040\000b\000y\000\040\000C\000o\000n\000t\000r\000a\000d\000i\000c\000t\000i\000o\000n}{section.8}% 59
\BOOKMARK [2][-]{example.8.1}{\376\377\000P\000r\000o\000o\000f\000s\000\040\000o\000f\000\040\000E\000q\000u\000i\000v\000a\000l\000e\000n\000c\000e}{section.8}% 60
\BOOKMARK [1][-]{section.9}{\376\377\000T\000u\000e\000s\000d\000a\000y\000,\000\040\000S\000e\000p\000t\000e\000m\000b\000e\000r\000\040\0002\0006\000,\000\040\0002\0000\0002\0003}{}% 61
\BOOKMARK [2][-]{section*.13}{\376\377\000E\000x\000h\000a\000u\000s\000t\000i\000v\000e\000\040\000P\000r\000o\000o\000f\000s}{section.9}% 62
\BOOKMARK [2][-]{example.9.2}{\376\377\000P\000r\000o\000o\000f\000\040\000b\000y\000\040\000C\000a\000s\000e\000s}{section.9}% 63
\BOOKMARK [2][-]{example.9.4}{\376\377\000C\000o\000n\000s\000t\000r\000u\000c\000t\000i\000v\000e\000\040\000P\000r\000o\000o\000f\000s\000\040\000o\000f\000\040\000E\000x\000i\000s\000t\000e\000n\000c\000e}{section.9}% 64
\BOOKMARK [1][-]{section.10}{\376\377\000T\000h\000u\000r\000s\000d\000a\000y\000,\000\040\000S\000e\000p\000t\000e\000m\000b\000e\000r\000\040\0002\0008\000,\000\040\0002\0000\0002\0003}{}% 65
\BOOKMARK [2][-]{section*.14}{\376\377\000E\000x\000a\000m\000\040\000R\000e\000v\000i\000e\000w\000\040\000D\000a\000y}{section.10}% 66
\BOOKMARK [1][-]{section.11}{\376\377\000T\000u\000e\000s\000d\000a\000y\000,\000\040\000O\000c\000t\000o\000b\000e\000r\000\040\0003\000,\000\040\0002\0000\0002\0003}{}% 67
\BOOKMARK [1][-]{section.12}{\376\377\000T\000h\000u\000r\000s\000d\000a\000y\000,\000\040\000O\000c\000t\000o\000b\000e\000r\000\040\0005\000,\000\040\0002\0000\0002\0003}{}% 68
\BOOKMARK [2][-]{section*.15}{\376\377\000P\000r\000o\000o\000f\000s\000\040\000I\000n\000v\000o\000l\000v\000i\000n\000g\000\040\000U\000n\000i\000v\000e\000r\000s\000a\000l\000\040\000G\000e\000n\000e\000r\000a\000l\000i\000z\000a\000t\000i\000o\000n}{section.12}% 69
\BOOKMARK [3][-]{example.12.2}{\376\377\000U\000s\000i\000n\000g\000\040\000U\000n\000i\000v\000e\000r\000s\000a\000l\000\040\000G\000e\000n\000e\000r\000a\000l\000i\000z\000a\000t\000i\000o\000n\000\040\000a\000s\000\040\000a\000\040\000M\000e\000t\000h\000o\000d\000\040\000o\000f\000\040\000P\000r\000o\000o\000f}{section.12}% 70
\BOOKMARK [2][-]{example.12.5}{\376\377\000D\000i\000v\000i\000s\000i\000b\000i\000l\000i\000t\000y}{section.12}% 71
\BOOKMARK [2][-]{example.12.7}{\376\377\000F\000u\000n\000d\000a\000m\000e\000n\000t\000a\000l\000\040\000T\000h\000e\000o\000r\000e\000m\000\040\000o\000f\000\040\000A\000r\000i\000t\000h\000m\000e\000t\000i\000c}{section.12}% 72
\BOOKMARK [1][-]{section.13}{\376\377\000T\000u\000e\000s\000d\000a\000y\000,\000\040\000O\000c\000t\000o\000b\000e\000r\000\040\0001\0000\000,\000\040\0002\0000\0002\0003}{}% 73
\BOOKMARK [2][-]{section*.16}{\376\377\000M\000o\000d\000u\000l\000a\000r\000\040\000A\000r\000i\000t\000h\000m\000e\000t\000i\000c}{section.13}% 74
\BOOKMARK [2][-]{example.13.2}{\376\377\000T\000h\000e\000\040\000C\000o\000n\000g\000r\000u\000e\000n\000c\000e\000\040\000T\000h\000e\000o\000r\000e\000m}{section.13}% 75
\BOOKMARK [2][-]{example.13.5}{\376\377\000Q\000u\000o\000t\000i\000e\000n\000t\000\040\000R\000e\000m\000a\000i\000n\000d\000e\000r\000\040\000T\000h\000e\000o\000r\000e\000m}{section.13}% 76
\BOOKMARK [2][-]{example.13.10}{\376\377\000F\000l\000o\000o\000r\000s\000\040\000a\000n\000d\000\040\000C\000e\000i\000l\000i\000n\000g\000s}{section.13}% 77
\BOOKMARK [3][-]{section*.17}{\376\377\000F\000l\000o\000o\000r\000s}{example.13.10}% 78
\BOOKMARK [3][-]{section*.17}{\376\377\000C\000e\000i\000l\000i\000n\000g\000s}{example.13.10}% 79
\BOOKMARK [3][-]{section*.17}{\376\377\000P\000r\000o\000o\000f\000s\000\040\000I\000n\000v\000o\000l\000v\000i\000n\000g\000\040\000F\000l\000o\000o\000r\000s\000\040\000a\000n\000d\000\040\000C\000e\000i\000l\000i\000n\000g\000s}{example.13.10}% 80
\BOOKMARK [1][-]{section.14}{\376\377\000T\000h\000u\000r\000s\000d\000a\000y\000,\000\040\000O\000c\000t\000o\000b\000e\000r\000\040\0001\0002\000,\000\040\0002\0000\0002\0003}{}% 81
\BOOKMARK [2][-]{section*.18}{\376\377\000S\000e\000q\000u\000e\000n\000c\000e\000s\000,\000\040\000S\000u\000m\000m\000a\000t\000i\000o\000n\000s\000,\000\040\000a\000n\000d\000\040\000P\000r\000o\000d\000u\000c\000t\000s}{section.14}% 82
\BOOKMARK [2][-]{example.14.1}{\376\377\000V\000a\000r\000i\000a\000b\000l\000e\000\040\000E\000n\000d\000i\000n\000g\000\040\000P\000o\000i\000n\000t\000s}{section.14}% 83
\BOOKMARK [2][-]{example.14.2}{\376\377\000N\000e\000s\000t\000e\000d\000\040\000S\000u\000m\000s\000\040\000a\000n\000d\000\040\000P\000r\000o\000d\000u\000c\000t\000s}{section.14}% 84
\BOOKMARK [2][-]{example.14.2}{\376\377\000T\000e\000l\000e\000s\000c\000o\000p\000i\000n\000g\000\040\000S\000e\000r\000i\000e\000s}{section.14}% 85
\BOOKMARK [2][-]{example.14.2}{\376\377\000M\000e\000r\000g\000i\000n\000g\000\040\000a\000n\000d\000\040\000S\000p\000l\000i\000t\000t\000i\000n\000g\000\040\000S\000u\000m\000m\000a\000t\000i\000o\000n\000s}{section.14}% 86
\BOOKMARK [3][-]{section*.19}{\376\377\000S\000p\000l\000i\000t\000t\000i\000n\000g\000\040\000a\000n\000d\000\040\000M\000e\000r\000g\000i\000n\000g\000\040\000o\000f\000\040\000S\000u\000m\000m\000a\000t\000i\000o\000n\000s}{example.14.2}% 87
\BOOKMARK [3][-]{section*.19}{\376\377\000S\000p\000l\000i\000t\000t\000i\000n\000g\000\040\000a\000n\000d\000\040\000M\000e\000r\000g\000i\000n\000g\000\040\000o\000f\000\040\000P\000r\000o\000d\000u\000c\000t\000s}{example.14.2}% 88
\BOOKMARK [2][-]{section*.19}{\376\377\000D\000i\000s\000t\000r\000i\000b\000u\000t\000i\000o\000n}{section.14}% 89
\BOOKMARK [2][-]{section*.19}{\376\377\000C\000h\000a\000n\000g\000e\000\040\000o\000f\000\040\000V\000a\000r\000i\000a\000b\000l\000e}{section.14}% 90
\BOOKMARK [2][-]{example.14.3}{\376\377\000F\000a\000c\000t\000o\000r\000i\000a\000l}{section.14}% 91
\BOOKMARK [3][-]{section*.20}{\376\377\000P\000r\000o\000p\000e\000r\000t\000i\000e\000s\000\040\000o\000f\000\040\000F\000a\000c\000t\000o\000r\000i\000a\000l}{example.14.3}% 92
\BOOKMARK [1][-]{section.15}{\376\377\000T\000u\000e\000s\000d\000a\000y\000,\000\040\000O\000c\000t\000o\000b\000e\000r\000\040\0001\0007\000,\000\040\0002\0000\0002\0003}{}% 93
\BOOKMARK [2][-]{section*.21}{\376\377\000P\000r\000o\000o\000f\000\040\000b\000y\000\040\000I\000n\000d\000u\000c\000t\000i\000o\000n}{section.15}% 94
\BOOKMARK [3][-]{section*.21}{\376\377\000S\000i\000m\000p\000l\000e\000\040\000I\000n\000d\000u\000c\000t\000i\000o\000n}{section.15}% 95
